1651507201
635437057
113246209
1300234241
1107296257
1583874049
2013265921
155189249
167772161
199229441
469762049
2013265921
1711276033
155189249
595591169
257949697
103284737
1107296257
1504706561
469762049
377487361
2013265921
666894337
2013265921
1504706561
2130706433
2013265921
404226049
2067005441
2013265921
639631361
2130706433
1107296257
221249537
1161822209
2013265921
469762049
1555038209
87293953
1811939329
70254593
376963073
2013265921
1779957761
715128833
2113929217
1711276033
1893728257
26214401
897581057
2013265921
167772161
221249537
1711276033
377487361
1866465281
1300234241
469762049
2013265921
167772161
2013265921
918552577
1429733377
2130706433
1931476993
754974721
645922817
754974721
1408761857
2013265921
1510735873
1868562433
1107296257
1499987969
2013265921
897581057
2113929217
469762049
2113929217
1651507201
2013265921
138412033
1711276033
1811939329
1161822209
415236097
83361793
383778817
244842497
1711276033
2113929217
1536163841
1107296257
621281281
998244353
469762049
918552577
377487361
1006108673
2013265921
666894337
2088763393
1107296257
1811939329
754974721
1277427713
1326186497
2088763393
469762049
950009857
1811939329
274726913
199229441
1711276033
167772161
328728577
1107296257
2025848833
820510721
1484783617
260571137
138412033
2013265921
1088684033
2013265921
818937857
2130706433
2113929217
645922817
1484783617
918552577
113246209
113246209
754974721
1835008001
1811939329
2113929217
1811939329
2130706433
2013265921
1811939329
1711276033
976224257
2013265921
1437597697
1711276033
2130706433
1541406721
2113929217
2114977793
1281359873
2013265921
754974721
1711276033
469762049
2013265921
469762049
1321205761
645922817
1591214081
2113929217
2113929217
1811939329
880803841
2130706433
36175873
531628033
2088763393
2013265921
1143472129
469762049
833617921
1143472129
2013265921
2013265921
1300234241
178782209
1107296257
377487361
167772161
2013265921
985661441
1811939329
1591214081
230686721
2088763393
2013265921
1092616193
595591169
2013265921
1651507201
935329793
998244353
469762049
825753601
155189249
802160641
1963982849
2013265921
1300234241
158072833
167772161
1811939329
848560129
1811939329
167772161
935329793
2013265921
1811939329
1438646273
1107296257
2013265921
1711276033
244842497
1893728257
645922817
754974721
2113929217
126615553
1811939329
459276289
469762049
1437597697
469762049
666894337
897581057
2013265921
1107296257
2095054849
2146959361
1484783617
880803841
2130706433
639369217
715128833
103284737
1107296257
1484783617
2013265921
100139009
2013265921
1709178881
415236097
2013265921
1811939329
754974721
1811939329
2013265921
2013265921
246415361
167772161
531628033
943718401
2013265921
163577857
1711276033
645922817
2013265921
469762049
1835008001
595591169
813170689
2013265921
1811939329
1107296257
1306525697
1531445249
158334977
81788929
469762049
2013265921
390332417
2013265921
2113929217
1711276033
1931476993
2013265921
581959681
277086209
1321205761
1811939329
754974721
1107296257
1437597697
469762049
2013265921
2013265921
1893728257
1711276033
1540096001
943718401
824442881
136314881
447741953
2088763393
745537537
1281359873
2130706433
469762049
1281359873
775421953
2025848833
683671553
2013265921
666894337
1811939329
754974721
1940389889
167772161
786432001
2013265921
2013265921
541327361
2013265921
611844097
113246209
2013265921
22806529
975175681
2013265921
1654652929
998244353
469762049
1158676481
862978049
1711276033
1415577601
663224321
824180737
1224736769
2013265921
1823211521
1811939329
675807233
1558183937
2013265921
998244353
786432001
2013265921
469762049
1711276033
1811939329
1408761857
1811939329
1709178881
998244353
163577857
2013265921
531628033
2013265921
2017984513
2013265921
2013265921
138412033
880803841
469762049
1138753537
2130706433
913309697
2013265921
1306525697
2099249153
943718401
1572864001
2013265921
167772161
469762049
2013265921
1811939329
1811939329
2099249153
2013265921
1607467009
2113929217
1643118593
2025848833
1654652929
2113929217
919601153
2013265921
2013265921
1484783617
825753601
2130706433
1107296257
1643118593
383778817
158334977
2130706433
1811939329
1493696513
169869313
167772161
1321205761
2013265921
2013265921
2013265921
943718401
2113929217
2013265921
469762049
1835008001
1874067457
635437057
2130706433
199229441
1415577601
167772161
1893728257
648019969
1893728257
1504706561
2130706433
950009857
2113929217
597688321
2125725697
1978662913
159645697
2013265921
564658177
924844033
1224736769
2013265921
1492123649
2013265921
1835008001
897581057
469762049
2013265921
1711276033
595591169
469762049
786432001
167772161
469762049
21495809
469762049
2013265921
257949697
1711276033
274726913
754974721
1461977089
377487361
2113929217
469762049
1321205761
469762049
136314881
1484783617
469762049
469762049
1572864001
1709178881
2013265921
1004535809
186646529
1811939329
2013265921
2013265921
2025848833
469762049
2013265921
918552577
818937857
452198401
2013265921
1224736769
1811939329
2013265921
918552577
2025848833
1161822209
2099249153
1107296257
1724907521
595591169
1868562433
16515073
595591169
985661441
1811939329
185597953
2088763393
349962241
469762049
824180737
1699741697
469762049
2130706433
786432001
2013265921
469762049
361758721
2130706433
1572864001
1901592577
1315962881
2113929217
377487361
1811939329
42729473
2113929217
1012924417
1866465281
1811939329
1711276033
758906881
880803841
2013265921
1811939329
998244353
800063489
1143472129
2130706433
754974721
2113929217
998244353
595591169
2013265921
2013265921
1499987969
469762049
2130706433
2047868929
1212153857
710934529
1811939329
2013265921
1484783617
1321205761
1711276033
1300234241
985661441
839385089
1438646273
469762049
2013265921
138412033
2013265921
1811939329
1005060097
1711276033
185597953
2013265921
1711276033
468713473
576716801
2113929217
2013265921
576716801
1438646273
167772161
113246209
1711276033
935329793
409993217
167772161
37224449
1300234241
2013265921
754974721
1866465281
1582563329
1095761921
469762049
2113929217
1808007169
570163201
433586177
1488191489
199229441
1107296257
985661441
1956118529
167772161
361758721
2013265921
167772161
1790967809
1504706561
1811939329
1223950337
621281281
813432833
377487361
975175681
1107296257
645922817
1107296257
305135617
469762049
635437057
1193803777
1811939329
2013265921
531628033
1126957057
167772161
167772161
2013265921
1892155393
215482369
985661441
1811939329
1174929409
469762049
167772161
2013265921
2013265921
1835008001
2088763393
2013265921
1146093569
907018241
469762049
1224736769
1635254273
469762049
1811939329
469762049
597688321
1205862401
2013265921
2130706433
2113929217
2013265921
2025848833
463470593
1711276033
2013265921
1224736769
1583874049
1292369921
1811939329
1893728257
1327497217
1380974593
943718401
132120577
1555038209
1811939329
1484783617
2025848833
818937857
1306525697
2013265921
330301441
918552577
918552577
377487361
167772161
1711276033
1811939329
1811939329
2113929217
2013265921
469762049
1107296257
1711276033
1224736769
1509425153
2130706433
2013265921
1281359873
211812353
2013265921
469762049
167772161
1327497217
1711276033
2013265921
818937857
1438646273
1461452801
2013265921
1224736769
469762049
468713473
2013265921
2013265921
2013265921
635437057
897581057
469762049
2013265921
167772161
1107296257
2113929217
469762049
199229441
2013265921
1241251841
1451753473
336855041
2077229057
595591169
2013265921
377487361
469762049
336855041
897581057
2013265921
1582563329
469762049
1811939329
2013265921
2013265921
1811939329
666894337
349962241
1811939329
2013265921
844627969
897581057
167772161
163577857
1321205761
862978049
167772161
2013265921
943718401
2013265921
469762049
1107296257
2013265921
163577857
1711276033
1709178881
413925377
1212153857
1558183937
1224736769
2013265921
607911937
880803841
1224736769
1224736769
576716801
1484783617
899678209
985661441
1168900097
2025848833
972029953
1711276033
2013265921
2013265921
998244353
1224736769
1558183937
469762049
386400257
2088763393
254279681
883949569
163577857
2013265921
1711276033
163577857
1931476993
249561089
1811939329
240648193
754974721
754974721
799014913
2107113473
377487361
1484783617
897581057
1811939329
1107296257
1811939329
1107296257
377487361
1184366593
2013265921
1431306241
469762049
1212153857
1811939329
469762049
469762049
1212153857
883949569
1211105281
715128833
1321205761
1420296193
595591169
2088763393
880803841
635437057
1224736769
1931476993
943718401
2013265921
2013265921
2013265921
409993217
897581057
2013265921
880803841
1212153857
2013265921
824442881
1484783617
2013265921
469762049
872153089
576716801
2013265921
2013265921
833617921
612892673
972029953
155189249
1391984641
2088763393
469762049
850395137
163577857
1711276033
1053818881
1811939329
2013265921
1811939329
167772161
1790967809
469762049
1866465281
1558183937
469762049
1811939329
2088763393
595591169
2095054849
169869313
639631361
718274561
1811939329
943718401
1811939329
998244353
848560129
635437057
167772161
1568407553
675545089
2113929217
1811939329
1811939329
1821638657
648019969
2013265921
1926758401
880803841
2050490369
104857601
595591169
1107296257
469762049
1214251009
2013265921
998244353
469762049
361758721
1594884097
469762049
387973121
611844097
377487361
274726913
260571137
163577857
469762049
186646529
2013265921
2013265921
2013265921
469762049
469762049
249561089
938475521
2013265921
1188560897
1790967809
1214251009
1159200769
2013265921
2013265921
1709178881
1699741697
469762049
167772161
167772161
469762049
469762049
2013265921
469762049
469762049
799014913
1085276161
897581057
1811939329
1711276033
786432001
1572864001
2113929217
2013265921
2013265921
347078657
2095054849
2013265921
897581057
433586177
1214251009
880803841
2013265921
2013265921
2130706433
900464641
2130706433
1300234241
2013265921
1541406721
1012924417
1570766849
1866465281
1711276033
185597953
1107296257
2013265921
2095054849
1634467841
1484783617
2013265921
648019969
2114977793
8650753
549978113
666894337
1811939329
2113929217
2088763393
81788929
469762049
469762049
2088763393
1651507201
2113929217
2013265921
605552641
2130706433
2113929217
1261436929
167772161
469762049
68681729
2013265921
2013265921
1107296257
2013265921
167772161
1866465281
2013265921
2013265921
138412033
469762049
683671553
415236097
42729473
1811939329
234356737
1811939329
1300234241
754974721
629932033
1389101057
361758721
230686721
2130706433
880803841
1420296193
93847553
1306525697
1811939329
1811939329
918552577
136314881
1811939329
469762049
475267073
1811939329
167772161
1811939329
147849217
2013265921
