2013265921
1711276033
1811939329
155189249
469762049
64749569
2113929217
754974721
2013265921
2013265921
163577857
1232601089
1811939329
1484783617
1711276033
469762049
2025848833
1945894913
2035286017
1536950273
10223617
576716801
2013265921
1199308801
645922817
1811939329
1107296257
2113929217
1811939329
1146093569
730595329
2113929217
2025848833
1811939329
1811939329
619184129
1224736769
2013265921
2017984513
469762049
93585409
879230977
1085276161
2013265921
468713473
1711276033
1945108481
1711276033
2130706433
2130706433
1811939329
1811939329
2113929217
1185939457
2113929217
1711276033
2025848833
1415577601
1630535681
1224736769
469762049
595591169
230686721
2013265921
2130706433
1484783617
2013265921
850395137
167772161
81788929
2013265921
2113929217
1811939329
167772161
1212153857
359661569
998244353
1557921793
2013265921
1811939329
155189249
2025848833
1224736769
918552577
1107296257
666894337
2013265921
361758721
1300234241
1484783617
1451753473
754974721
167772161
1811939329
2013265921
1893203969
1107296257
1224736769
2013265921
469762049
2013265921
1711276033
998244353
1866465281
1711276033
1281359873
576716801
2013265921
2013265921
469762049
2013265921
2013265921
2113929217
469762049
2013265921
645922817
1811939329
754974721
985661441
918552577
1224736769
897581057
998244353
2013265921
1711276033
880803841
290455553
68681729
2113929217
824180737
2013265921
754974721
230686721
1286602753
469762049
2013265921
113246209
704905217
167772161
2055733249
1107296257
2013265921
842530817
311427073
1212153857
1811939329
1143472129
211812353
2113929217
2113929217
2013265921
880803841
2130706433
469762049
2047868929
13631489
120586241
710934529
935329793
1811939329
2013265921
185597953
1922039809
2130706433
1327497217
1811939329
1122500609
1791492097
918552577
1711276033
998244353
468713473
383778817
754974721
740294657
1811939329
1811939329
469762049
469762049
469762049
469762049
2095054849
2013265921
2013265921
2013265921
1483210753
1272446977
1107296257
254279681
1300234241
230686721
897581057
1811939329
1300234241
1811939329
270532609
2088763393
1289224193
897581057
167772161
206307329
645922817
2113929217
469762049
1711276033
2134638593
824180737
1107296257
138412033
2113929217
1811939329
935329793
306708481
645922817
167772161
377487361
2113929217
2013265921
409993217
167772161
2013265921
850395137
416808961
1184366593
648019969
1811939329
919601153
1431306241
469762049
1185939457
683671553
1711276033
359661569
754974721
469762049
1300234241
1107296257
1484783617
880803841
1012924417
204472321
469762049
1811939329
1158676481
2088763393
2013265921
935329793
70254593
1415577601
211812353
897581057
2013265921
2013265921
1558183937
880803841
163577857
880803841
1699741697
943718401
2013265921
347078657
2013265921
1224736769
897581057
1963982849
1102053377
1484783617
377487361
1711276033
2013265921
2013265921
1211105281
710410241
2013265921
1711276033
639631361
2013265921
2130706433
2013265921
1866465281
1336410113
844890113
2013265921
1504706561
311427073
2013265921
2113929217
469762049
1998585857
469762049
918552577
2013265921
1479540737
897581057
2013265921
2013265921
469762049
717488129
469762049
1811939329
1505230849
1438646273
1931476993
1092616193
1559756801
2013265921
104857601
391643137
2013265921
163577857
595591169
2146959361
645922817
1012924417
975175681
2113929217
2130706433
2113929217
1085276161
167772161
186646529
1484783617
1224736769
305135617
2013265921
1133510657
1811939329
2013265921
645922817
2013265921
140771329
683671553
943718401
167772161
319291393
943718401
935329793
377487361
1811939329
463470593
581959681
1613234177
754974721
1366294529
2130706433
2088763393
1811939329
274726913
1504706561
469762049
897581057
2013265921
2013265921
1107296257
595591169
2013265921
163577857
925892609
1224736769
2013265921
595591169
77070337
1107296257
1711276033
69206017
1711276033
1613234177
2013265921
2013265921
2013265921
1484783617
167772161
998244353
113246209
2113929217
1107296257
1699741697
2130706433
23068673
2017984513
77070337
760741889
2013265921
1811939329
897581057
1157103617
962592769
1811939329
1863319553
1133510657
2013265921
1504706561
2013265921
167772161
2013265921
167772161
2113929217
1708392449
683671553
1224736769
2013265921
1484783617
1122500609
2013265921
111149057
1811939329
748158977
1811939329
635437057
863764481
645922817
69206017
1931476993
288882689
1373372417
897581057
810024961
1188560897
2013265921
1711276033
1484783617
469762049
2013265921
2013265921
1332477953
1550057473
1363673089
899678209
230686721
2013265921
2013265921
463470593
167772161
2088763393
1811939329
2013265921
1811939329
998244353
2013265921
2013265921
1484783617
230424577
2113929217
1711276033
2013265921
1224736769
1572864001
469762049
2113929217
2130706433
1300234241
1107296257
377487361
2013265921
1711276033
1711276033
918552577
1157103617
416808961
899678209
311427073
2013265921
270532609
1005060097
469762049
1161822209
595591169
167772161
469762049
1572864001
1711276033
1143472129
167772161
1711276033
1107296257
1811939329
2013265921
1584136193
167772161
469762049
998244353
147849217
2113929217
469762049
1811939329
1541406721
1977352193
1654652929
918552577
167772161
1300234241
1811939329
699924481
2013265921
2013265921
1281359873
1811939329
824180737
799014913
469762049
639631361
2013265921
1306525697
1811939329
985661441
2088763393
998244353
1541406721
1224736769
2013265921
2013265921
2013265921
754974721
2013265921
1613234177
1107296257
2013265921
167772161
2013265921
469762049
1711276033
2099249153
2113929217
2013265921
648019969
950009857
1205862401
1214251009
1597243393
1107296257
2013265921
1624768513
754974721
754974721
1811939329
645922817
69206017
1062469633
469762049
377487361
469762049
1107296257
2130706433
1711276033
469762049
1107296257
2013265921
138412033
469762049
2013265921
1490288641
167772161
2113929217
2095054849
2088763393
2088763393
1415577601
228065281
883949569
1811939329
998244353
1380974593
1161822209
469762049
2130706433
1811939329
1004535809
469762049
957349889
951582721
147849217
274726913
754974721
1866465281
1711276033
1212153857
2130706433
167772161
1811939329
2135162881
1866465281
1107296257
2130706433
1485832193
1711276033
1709178881
469762049
469762049
2013265921
163577857
1107296257
2013265921
2013265921
469762049
998244353
167772161
1513095169
23068673
1711276033
2013265921
155189249
1107296257
1811939329
1572864001
2113929217
2013265921
2013265921
1493696513
469762049
754974721
2113929217
1866465281
469762049
167510017
167772161
2113929217
972029953
167772161
1326186497
1711276033
2113929217
2130706433
469762049
754974721
1484783617
2013265921
1107296257
2013265921
2125725697
635437057
897581057
648019969
2013265921
2077229057
1699741697
754974721
1107296257
595591169
1572864001
2013265921
1874329601
230686721
1821638657
1484783617
754974721
377487361
2013265921
1138753537
1056440321
2013265921
2013265921
469762049
1272709121
2013265921
469762049
1323827201
1811939329
1107296257
883949569
1811939329
330301441
469762049
2130706433
1572864001
2013265921
1711276033
957349889
1300234241
2114977793
1811939329
469762049
1711276033
1868562433
2013265921
1366294529
113246209
1712848897
167772161
469762049
2013265921
2013265921
1646788609
2025848833
1811939329
1107296257
2013265921
1711276033
1656225793
907018241
2013265921
81788929
2013265921
469762049
2013265921
1484783617
1711276033
214171649
824180737
683671553
1868562433
998244353
2113929217
850395137
2095054849
493879297
924844033
1711276033
257949697
2013265921
1107296257
1327497217
167772161
2013265921
2013265921
2013265921
469762049
2013265921
1007681537
104857601
938475521
880803841
2013265921
257949697
2013265921
2013265921
138412033
1811939329
1811939329
1083703297
1922039809
748158977
500432897
1224736769
1695547393
469762049
2013265921
842530817
1572864001
1415577601
2013265921
2113929217
833617921
1555038209
883949569
1107296257
1811939329
2130706433
274726913
1811939329
469762049
1161822209
155189249
754974721
1095761921
1158676481
167772161
1107296257
998244353
897581057
199229441
2013265921
2013265921
962592769
1224736769
897581057
2013265921
2013265921
2013265921
595591169
2013265921
1811939329
1386741761
1711276033
1888485377
469762049
2085093377
1184366593
2013265921
1261436929
1651507201
1643118593
1146093569
1711276033
998244353
1711276033
1161822209
1811939329
2013265921
469762049
1218445313
167772161
645922817
2047868929
469762049
2013265921
880803841
918552577
1212153857
897581057
1711276033
1811939329
2013265921
1572864001
1790967809
1558183937
2013265921
13631489
1224736769
897581057
409993217
2013265921
1811939329
274726913
1811939329
1300234241
167772161
998244353
377487361
943718401
104857601
111149057
2013265921
1107296257
1107296257
447741953
2025848833
2113929217
998244353
113246209
1711276033
415236097
2013265921
138412033
2130706433
2130706433
2107113473
40370177
1811939329
1811939329
2113929217
1224736769
1127219201
1711276033
2013265921
167772161
1107296257
2113929217
1321205761
104857601
1811939329
1863319553
377487361
897581057
469762049
377487361
1192230913
1484783617
1811939329
69206017
257949697
2013265921
1107296257
648019969
518520833
1811939329
897581057
1161822209
1624768513
2013265921
1429733377
645922817
715128833
1205862401
1790967809
2047868929
249561089
1811939329
185597953
595591169
1811939329
2013265921
1863319553
1485832193
2113929217
2013265921
1811939329
2113929217
120586241
760741889
469762049
1811939329
2113929217
2013265921
1711276033
2130706433
1654652929
469762049
469762049
1107296257
666894337
897581057
1811939329
1732771841
2013265921
2013265921
2013265921
985661441
1559756801
2130706433
2050490369
1811939329
1224736769
1581776897
1711276033
230686721
2013265921
1485832193
2013265921
639631361
1484783617
1811939329
22806529
469762049
2013265921
2130706433
754974721
2113929217
1811939329
415236097
83361793
2013265921
754974721
1107296257
2013265921
946339841
1323827201
1107296257
1711276033
2130706433
2088763393
377487361
1607467009
104857601
897581057
1711276033
469762049
1811939329
1835008001
957349889
1607467009
754974721
23068673
1790967809
2088763393
1570766849
1711276033
1811939329
998244353
962592769
1711276033
104857601
880803841
2013265921
469762049
1811939329
1224736769
2013265921
167772161
1226309633
2113929217
2088763393
1651507201
2013265921
2013265921
1193803777
635437057
230686721
211812353
2013265921
800063489
1811939329
186646529
568066049
985661441
1811939329
754974721
1224736769
1656225793
1711276033
754974721
376963073
469762049
1300234241
1157103617
52166657
305135617
2113929217
1321205761
167772161
1760034817
