60141569
390266881
980156417
1726906369
2013265921
1655341057
274726913
167772161
1107296257
1484783617
1015840769
1012924417
1683619841
2013265921
182845441
683671553
1688338433
843251713
2113929217
645922817
1479540737
925892609
291864577
469762049
1711276033
2013265921
850395137
415236097
958136321
1127219201
2013265921
1321205761
1909719041
2013265921
167772161
1161822209
605028353
469762049
438829057
469762049
274726913
1998585857
2013265921
1300234241
943718401
2013265921
2013265921
2013265921
2013265921
1107296257
2013265921
2015428609
185597953
167772161
666894337
499040257
1429995521
419586049
2013265921
103284737
87293953
666894337
249561089
692846593
1835008001
825753601
1107296257
611844097
1978662913
2013265921
1943666689
1032380417
551723009
612016129
246415361
452198401
14942209
12451841
1709178881
93192193
1790967809
2013331457
1963982849
1509425153
1321205761
768802817
560521217
1848901633
1811939329
2013265921
2095054849
469762049
1711276033
615186433
215482369
1434419201
1004535809
1092616193
305135617
1811939329
2013265921
2013265921
1150156801
1046511617
1536163841
412286977
998244353
1045430273
734527489
2013265921
1868562433
1321205761
633827329
1019805697
2013265921
85917697
370778113
896413697
943718401
1505230849
253526017
1281359873
259080193
754974721
1214251009
1811939329
230686721
2013265921
1398276097
1594884097
2013265921
1484783617
249561089
246743041
290455553
889323521
683671553
223936513
1555038209
230768641
1107296257
683671553
897581057
469762049
1909719041
1252773889
2013265921
1251704833
2013265921
644755457
1634861057
1092616193
714342401
1811939329
1140572161
88375297
1711276033
2013265921
1315962881
2013265921
2031026177
1391984641
433586177
902803457
2130706433
469762049
754974721
101711873
2113929217
595234817
1711276033
1686077441
1107296257
155189249
645922817
1304436737
597688321
833617921
274726913
1711276033
1535803393
1208025089
103628801
645922817
547749889
1061007361
1107296257
2013265921
1095843841
1811939329
998244353
621281281
1107296257
463470593
1811939329
469762049
1196802049
1484783617
81829889
104857601
1224736769
1438646273
2013265921
1224736769
167772161
469762049
2013265921
1032192001
249561089
1811939329
469762049
469762049
1811939329
2088763393
1213628417
469762049
537591809
2013265921
463527937
1155137537
9588737
1821573121
683425793
1546616833
888668161
1484783617
2013265921
1621229569
1811939329
1224736769
469762049
897581057
710934529
683671553
1802895361
2013265921
1247150081
1634205697
1014366209
648019969
935329793
754974721
377487361
1004535809
469762049
725876737
1951277057
1811939329
2013265921
1922039809
2013265921
2088910849
332627969
1107296257
40370177
469762049
167772161
1300234241
2113929217
833953793
6955009
1083518977
225034241
167772161
1159249921
1866465281
1045430273
770703361
81215489
1984233473
2013265921
2130706433
2008055809
1151336449
1898414081
1420296193
1717125121
1092616193
1232896001
2013265921
1224736769
754974721
1909719041
1410334721
2013265921
897581057
2013265921
754974721
1107296257
1869463553
469762049
501350401
274726913
23068673
469762049
2013265921
1107296257
307691521
173801473
1292369921
864550913
81952769
5767169
2013265921
1711276033
1004740609
1572536321
491851777
1107296257
1624768513
844627969
894320641
604090369
377487361
935329793
1906065409
935329793
1224736769
897581057
1532362753
1107296257
147849217
1224736769
1313046529
862978049
214171649
1107296257
2013265921
461168641
469762049
595591169
52224001
1091985409
2142502913
269221889
664895489
111149057
1578467329
2013265921
1029255169
1811939329
469762049
167772161
1370054657
1975386113
2077229057
187072513
1505230849
2013265921
559661057
230424577
2013265921
1811939329
1012924417
106037249
1893203969
377487361
58851329
1963982849
2013265921
1536688129
2113929217
2130706433
1001275393
2013265921
469762049
2013265921
132120577
1572864001
646660097
1468039169
862978049
160038913
1931476993
1074266113
913932289
211812353
2013265921
120586241
799080449
23068673
1107296257
676986881
230686721
786432001
23068673
626262017
1239908353
261881857
715128833
1724907521
236179457
825753601
2025848833
907542529
1724907521
1864499201
2022965249
469762049
1767374849
1811939329
2013265921
698892289
2035286017
1019166721
59637761
1711276033
1005518849
1541406721
2099249153
424148993
1127219201
199229441
1184366593
1601175553
811859969
1166098433
2013265921
1578336257
2128740353
409993217
292724737
104857601
291778561
848560129
1702002689
950009857
2095054849
2013265921
1612972033
1811939329
163577857
2013265921
1234665473
880803841
913309697
526123009
1062469633
138412033
991346689
2055733249
2000650241
268640257
1899102209
469762049
818937857
1857814529
2013265921
167772161
438009857
1062469633
242126849
1998585857
1811939329
2013265921
776765441
131530753
1085276161
635437057
2013265921
2013265921
935329793
347947009
1484783617
167772161
263323649
167772161
2013265921
469762049
998244353
1594884097
347750401
211320833
167772161
37224449
269221889
754974721
2113929217
377487361
1711276033
791838721
241827841
549978113
1228210177
514785281
1484783617
563281921
36671489
2013265921
136314881
2013265921
469762049
1953497089
167772161
702349313
2013265921
880803841
1314881537
595591169
1504706561
186646529
1167654913
341770241
48898049
167772161
20512769
469762049
43859969
1484783617
1111326721
1224736769
595419137
2100953089
2013265921
1811939329
2013265921
2114912257
2013265921
897581057
2013265921
775421953
584581121
1811939329
533463041
226369537
1395130369
985661441
469762049
1623654401
1107296257
2013265921
1619263489
167772161
1691246593
2050031617
1693376513
566886401
351797249
1488191489
1508474881
1253154817
2013265921
1998815233
1212153857
1558315009
666894337
2013265921
253329409
469762049
23068673
639369217
469762049
2013265921
1811939329
975175681
1142095873
67502081
1327497217
1376206849
2013265921
2113929217
1747910657
2113929217
2013265921
531628033
1680695297
1504706561
871800833
167772161
164233217
1642332161
1107296257
469762049
2013265921
1300234241
43810817
805011457
230686721
998244353
2113929217
257949697
2013265921
2013265921
1107296257
636977153
618725377
2013265921
155189249
1811939329
458752001
1790967809
1281466369
222363649
145489921
811204609
2088763393
1802895361
1748631553
459276289
1811939329
1811939329
2013265921
1107296257
568655873
532746241
718848001
1996750849
2113929217
869154817
1711276033
946339841
2013265921
305135617
1711276033
167772161
2113929217
1887109121
359497729
2013265921
943718401
605028353
155189249
1996619777
1100500993
1927151617
1907335169
1978662913
88424449
683671553
469762049
1811939329
1811939329
2013265921
1693843457
633470977
1321205761
1558183937
120586241
1428201473
1030619137
1300234241
767131649
166084609
13631489
555335681
2013265921
1790967809
1790967809
810090497
2013265921
1588789249
1811939329
377487361
935165953
974831617
184860673
1365245953
2095054849
564658177
469762049
1875640321
1218445313
2051407873
469762049
167772161
1398276097
2113929217
1711276033
1223950337
803045377
2013265921
1711276033
1341554689
1572864001
918552577
113246209
1811939329
1183449089
998244353
257949697
1531813889
725876737
1739849729
167772161
1178140673
512716801
317931521
241827841
332267521
1811939329
897581057
1647247361
99483649
1012924417
469762049
415236097
715128833
2079522817
1860567041
580780033
1484783617
444334081
2013265921
1052508161
786432001
1224736769
1107296257
2104983553
1274134529
2013265921
1711276033
1938554881
1107296257
1931476993
1008771073
36741121
1013268481
115535873
836976641
5234689
996278273
1811939329
2088763393
300711937
754974721
1711276033
2095054849
1711276033
1178861569
1811939329
347996161
2135162881
1072857089
676528129
2013265921
1711276033
377487361
138412033
1866465281
341770241
1484783617
998244353
2013265921
76677121
376307713
1931476993
786432001
2013265921
1052508161
2016215041
1459191809
683704321
2013265921
935329793
768540673
158334977
1933705217
152174593
1255407617
1049100289
1484783617
625573889
2013265921
2013265921
134348801
211812353
1209253889
1939537921
167772161
1185218561
1225830401
2013265921
1327497217
2113929217
952041473
337911809
754974721
1051361281
81788929
1424490497
1060421633
1224736769
1184366593
269279233
1089208321
98549761
1559756801
775618561
810024961
2013265921
273645569
1899397121
2075631617
1272741889
1231011841
530780161
1151336449
1170800641
1323827201
998244353
469762049
1300234241
1554063361
2013265921
167772161
908943361
1711276033
1811939329
1918648321
2113929217
469762049
2013265921
128708609
1622671361
1107296257
2013265921
1321205761
87293953
1253441537
1116209153
2013265921
167772161
362938369
2013265921
793509889
2013265921
827830273
1572864001
339640321
586985473
469762049
662077441
2013265921
377487361
469762049
897318913
1536688129
1998585857
1430978561
1224736769
302481409
2113929217
618987521
846790657
1540096001
1803288577
2072707073
1811939329
2013265921
1366294529
2113929217
782663681
754974721
2013265921
1533542401
469762049
1135476737
69206017
1713897473
918552577
1099988993
2080727041
36175873
1541406721
1493925889
1998585857
2013265921
518520833
26214401
1584136193
2013265921
493879297
1959395329
469762049
1107296257
244211713
817336321
1893728257
2130706433
754974721
627548161
2013265921
1711276033
2047868929
2013265921
1774845953
1931476993
1092616193
1327169537
2088763393
1868562433
812941313
1541406721
1174929409
2013265921
2013265921
1484783617
1174265857
2113929217
1811939329
1107296257
818937857
645922817
804585473
1034649601
786432001
1664532481
1037303809
2099355649
983027713
1253572609
2013265921
2013265921
1146880001
1679032321
69206017
211025921
1811939329
1107296257
1275199489
77848577
2130706433
1294663681
561143809
1624834049
2013265921
377487361
1598816257
1920147457
1737228289
1875509249
1811939329
597688321
204472321
1572864001
100876289
2013265921
230686721
1706917889
2013265921
1868562433
167772161
191660033
1138753537
1711276033
531628033
2130706433
458752001
1857617921
595591169
407961601
925310977
645922817
1829502977
862978049
925892609
1185939457
897581057
1558183937
2013265921
1272709121
1286602753
1843200001
1896087553
879230977
2013265921
199229441
2013265921
1689911297
595591169
2113929217
1314684929
1874329601
899678209
1768292353
938475521
163577857
70254593
136314881
1475264513
468713473
1811939329
167772161
469762049
1863811073
2013265921
305135617
710934529
1107296257
998244353
1956118529
1847771137
230686721
816037889
2013265921
927072257
1811939329
113246209
918552577
1695547393
1224736769
274726913
2013265921
469762049
645922817
880803841
176029697
673251329
2013265921
979222529
697163777
638058497
135118849
1960574977
1314390017
1365245953
597688321
289148929
1811939329
2013265921
2130706433
2013265921
377487361
957349889
284950529
167772161
360972289
1811939329
1224736769
683671553
1711276033
283574273
977461249
1266204673
1107296257
410411009
2013265921
1568858113
1563492353
68853761
1394737153
529268737
2015182849
1221181441
876175361
1161822209
1153564673
233144321
469762049
2013265921
977350657
2113929217
167772161
940572673
1438646273
1107296257
706707457
1811939329
1222557697
1161822209
1811939329
1711276033
173867009
2013265921
1170800641
145489921
512032769
2113929217
2113929217
1212153857
1412431873
2013265921
595591169
1572864001
469762049
1236238337
1533542401
2142502913
181567489
2013265921
2013265921
880803841
754974721
1991442433
1572077569
912130049
2013265921
54648833
469762049
1711276033
1866465281
1192230913
1935409153
332627969
1570766849
2088763393
897581057
581959681
752582657
1811939329
1273593857
219676673
469762049
2088763393
2013265921
487456769
527941633
2113929217
309870593
1386741761
933568513
2130706433
1711276033
1117851649
970694657
1098842113
1206059009
76480513
1591214081
710934529
1143472129
257949697
1711276033
2013265921
194805761
1224736769
883949569
2091974657
1648869377
419921921
1811939329
399507457
715128833
648019969
643104769
409993217
1438646273
469762049
869969921
2013265921
1032683521
104857601
1911980033
907542529
415236097
934199297
1267056641
249561089
2130706433
2035286017
2013265921
2130706433
469762049
2013265921
1300234241
1151336449
1598291969
113246209
2013265921
2013265921
2013265921
104857601
67084289
1572864001
655360001
2013265921
2088763393
1791492097
1424490497
1591541761
1415577601
186646529
221249537
474611713
1083703297
2013265921
193069057
2013265921
1327497217
22806529
460701697
1711276033
1855193089
469762049
502333441
105603073
167772161
1036779521
987504641
2130706433
359661569
69206017
924844033
1107296257
2013265921
1449361409
469762049
347078657
842530817
934420481
762249217
1731100673
2013265921
880803841
1508048897
2013265921
897581057
2025848833
1107296257
2095054849
1107296257
469762049
270532609
1006108673
875642881
511983617
2064285697
550981633
469762049
1053818881
2013265921
732540929
1931476993
763002881
1811939329
167772161
351797249
1734082561
715128833
1379368961
1484701697
1224736769
897581057
2013265921
1699741697
335413249
1959264257
1107296257
2002845697
1337966593
1675067393
1811939329
2114977793
2114977793
288882689
607485953
2013265921
1675886593
1122697217
1212153857
40370177
1724121089
813760513
377487361
1388445697
1711276033
1415053313
621281281
1572864001
1811939329
1651507201
1373306881
549961729
862978049
230350849
1272446977
1107296257
1606680577
1811939329
2013265921
1572864001
645922817
2090336257
2013265921
469762049
2113929217
2088419329
760741889
1811939329
469762049
1143533569
1068589057
1874329601
595591169
1811939329
1513095169
340000769
28311553
821297153
2013265921
186187777
2013265921
2013265921
951582721
307286017
1416724481
918552577
1224736769
2130706433
2013265921
595591169
186646529
799080449
1395392513
1224736769
880803841
1811939329
2088763393
729088001
1711276033
469762049
2113929217
1107296257
1051721729
1419411457
1646788609
1811939329
745537537
740294657
2013265921
1570766849
323469313
1594884097
820510721
943718401
167772161
260063233
2013265921
2077229057
1572864001
568066049
1811939329
2013265921
1961975809
1048809473
2013265921
221249537
294322177
26214401
2013265921
1868562433
2107047937
487272449
865271809
1069219841
2013265921
985661441
167772161
924254209
1811939329
2013265921
1513095169
663224321
2013265921
1964769281
1300234241
998244353
1541406721
192479233
383778817
1363673089
234356737
1158676481
638058497
2130706433
2013265921
2013265921
1811415041
1336803329
246415361
2113929217
2130706433
1959264257
2013388801
1945894913
658800641
1572864001
1286602753
924844033
1261436929
1052651521
1286701057
85590017
390586369
311615489
943718401
1811939329
84848641
47349761
639631361
1835008001
896008193
1779957761
167772161
1822031873
597688321
1848901633
4464641
2013265921
2013265921
927662081
1415577601
2047868929
2013265921
28311553
1114980353
645922817
1188954113
1811939329
167772161
1733099521
2113929217
387432449
2013265921
2013265921
975175681
1711276033
1811939329
776896513
970039297
2013265921
1711276033
230699009
1811939329
216801281
2013265921
998244353
2013265921
1811939329
2070151169
2013265921
2077229057
935329793
236781569
2013265921
897581057
30195713
13631489
234520577
1157103617
277921793
1811939329
1391984641
1541406721
1300234241
2013265921
330301441
740761601
1104494593
1188352001
1224736769
163577857
1636515841
835674113
132120577
158334977
683671553
2013265921
880803841
469762049
220594177
595996673
873472001
2013265921
2013265921
1811939329
2013265921
1811939329
1811939329
2013265921
645922817
597688321
832450561
163577857
483131393
2113929217
790364161
178372609
1894875137
2013265921
2035286017
469762049
100073473
775421953
1438646273
1300234241
2033221633
820510721
2013265921
1558183937
1262092289
93585409
67502081
167772161
1188954113
69206017
913244161
2013265921
943718401
924844033
1809162241
377487361
1935409153
1484783617
2013265921
709378049
155189249
1173618689
1365245953
186646529
595419137
1139924993
230686721
2121793537
330252289
2013265921
1327497217
1931476993
469762049
1711276033
669319169
1811939329
186646529
893255681
998244353
2013265921
1224736769
2013265921
1440350209
1811939329
469762049
469762049
754974721
469762049
851279873
2113929217
1300234241
36175873
2088763393
1321205761
1320910849
1393360897
13074433
1261436929
897581057
1484783617
1572864001
1811939329
754974721
1224736769
2013265921
1431175169
191365121
1329610753
597688321
2013265921
1635254273
1012989953
298254337
390332417
210370561
1380974593
2130706433
77070337
710934529
2013265921
70696961
2013265921
809975809
390332417
359661569
1095172097
616898561
990576641
430006273
2013265921
230686721
469762049
469762049
896204801
1479540737
582340609
2130706433
1811939329
529268737
1107296257
2013265921
104857601
820510721
1224736769
469762049
1811939329
12681217
1811939329
1502248961
469762049
1711276033
526123009
1153990657
2013265921
918552577
56045569
1572864001
2090336257
907804673
607911937
1922203649
1151336449
1499987969
940572673
786432001
8519681
1836318721
132120577
167772161
1931476993
1606352897
23068673
2013265921
483053569
2013265921
1607467009
1300234241
447283201
167772161
1136517121
2135031809
1107296257
1365245953
209289217
543293441
2013265921
469762049
648019969
1558183937
134565889
2013265921
377487361
2114977793
1711276033
1098350593
647393281
2013265921
1536163841
1484783617
1455947777
380858369
876060673
2013265921
2130706433
2013265921
1811939329
1811939329
1151336449
1613234177
1107296257
1307836417
2013265921
318410753
1212153857
1558183937
543485953
359661569
954376193
190087169
595591169
1811939329
615055361
2113929217
1111883777
469762049
1845329921
1555038209
77135873
2013265921
1211105281
1510735873
240648193
1992622081
1893728257
1601175553
754974721
469762049
1619460097
1107296257
167772161
1314390017
728727553
2113929217
1431306241
323223553
466157569
1107296257
2114027521
2113929217
1294200833
583303169
383778817
1102565377
1224736769
1191985153
2003156993
1606680577
666894337
1811939329
1769473
1709178881
1811939329
90439681
2130706433
880803841
389210113
2013265921
136314881
1107296257
435306497
483131393
329777153
1531445249
1866465281
13631489
167772161
2077556737
788840449
595591169
1306525697
2017984513
212963329
469762049
1572044801
2013265921
167772161
167772161
669614081
355921921
987123713
1335693313
469762049
1224736769
69206017
167772161
16121857
13565953
605028353
44433409
457924609
792395777
1211105281
2095415297
2013265921
998244353
2130706433
1754595329
1811939329
1711276033
167772161
155189249
1676869633
2013265921
641310721
824180737
2088763393
2013265921
5767169
2013265921
274726913
1300234241
863764481
1664819201
1971978241
113246209
469762049
186646529
789086209
167772161
459931649
829685761
604635137
2061107201
1768292353
103284737
167772161
469762049
206798849
1638924289
1224736769
469762049
2113929217
202350593
1459535873
1004535809
2013265921
1999568897
754974721
2013265921
957349889
1581383681
1713897473
23068673
2130706433
128741377
833617921
490725377
645922817
1811939329
1273724929
1214251009
1185939457
818937857
155516929
688586753
899678209
456220673
2013265921
1038155777
2077229057
1256079361
65537
683671553
352714753
2013265921
862093313
323878913
2013265921
1321205761
576716801
637009921
678617089
575864833
1811939329
800063489
324124673
469762049
985661441
1257431041
676704257
317521921
99483649
1451753473
1811939329
1282736129
877060097
452198401
1585709057
2013265921
16384001
1711276033
2113929217
2113929217
186646529
2013265921
487063553
514048001
1085276161
697434113
469762049
2013265921
1864941569
113246209
475054081
213221377
2013265921
211812353
1363673089
1007681537
1253072897
1107296257
167772161
1266823169
2113929217
336068609
274726913
423641089
249561089
1783234561
167772161
1196556289
632045569
1485832193
1314070529
483524609
818937857
2013265921
1711276033
1998585857
1141604353
1625751553
754974721
2037497857
1161822209
772538369
69206017
1107296257
1127219201
897581057
155189249
2013265921
433586177
193781761
484663297
583630849
374603777
329515009
754974721
645922817
2130706433
2013265921
1564213249
2013265921
2013265921
983924737
813170689
2113929217
1933639681
469762049
469762049
1926758401
2013265921
1269301249
897581057
488644609
468713473
1321205761
1570766849
1410334721
595591169
2013265921
469762049
377487361
880803841
1811939329
1224736769
2130706433
1317666817
595591169
950026241
108945409
23068673
278077441
1711276033
2013265921
2013265921
2013265921
1300234241
66551809
2113929217
1300234241
2069495809
645922817
2013265921
1321205761
1012924417
269135873
2108817409
163577857
275521537
2130706433
1314390017
820248577
1211269121
1211105281
1461977089
2075394049
84504577
377487361
347078657
1811939329
387973121
775421953
244973569
167772161
1806827521
134348801
21495809
1811939329
469762049
1322483713
2013265921
1866465281
283574273
1986789377
362119169
2013265921
290455553
2130706433
469762049
473694209
352079873
925892609
908328961
2113929217
881590273
1107296257
2013265921
487063553
645922817
321699841
1811939329
387121153
469762049
1601175553
274726913
971849729
880803841
1170087937
469762049
469762049
60456961
2009006081
2013265921
469762049
1224736769
1109065729
469762049
1333002241
1829502977
1081212929
1677991937
894959617
1253572609
654016513
1185939457
246415361
2088763393
1007681537
285474817
1437990913
1811939329
104857601
2017984513
1711276033
534085633
1572864001
595591169
151388161
65929217
808026113
880803841
468135937
780009473
386605057
1321205761
2013265921
2013265921
2099249153
1656225793
2013265921
2026536961
469762049
1971978241
2031132673
1068236801
862978049
2013265921
79527937
2013265921
216924161
1536950273
715128833
113246209
683671553
279838721
1146880001
1811939329
305135617
186646529
469762049
1363673089
595591169
1711276033
1636761601
111149057
167772161
1150550017
138412033
34308097
1737097217
1185939457
1998585857
2013265921
849666049
2130706433
1151336449
1811939329
90603521
799014913
2013265921
669626369
1279881217
203735041
888668161
1811939329
226164737
1332477953
1910087681
469762049
1675886593
1309081601
1811939329
1794564097
1253572609
668835841
113246209
754974721
1612972033
436142081
2088763393
930091009
1083703297
645922817
2752513
469762049
222167041
1623785473
185597953
754974721
818823169
880803841
1811939329
216137729
1866465281
985661441
2013265921
156499969
595591169
469762049
1811939329
2071429121
2113929217
2113929217
2130706433
392724481
666894337
1811939329
1438482433
2013265921
1107296257
15470593
918552577
1019478017
1711276033
1104494593
51970049
1138753537
2126118913
645922817
330858497
727400449
962592769
163577857
2013265921
611844097
469762049
1811939329
131604481
715128833
1107296257
1974403073
2113929217
2055733249
175833089
975175681
96485377
1107296257
533692417
1762787329
645922817
1391656961
341082113
1484783617
537628673
1118568449
1289224193
2013265921
674267137
239337473
1418526721
1763442689
404881409
2013265921
214171649
2013265921
25931777
274726913
1474756609
469762049
1711276033
650231809
799080449
2130706433
469762049
2113929217
1709178881
715128833
1360494593
2013265921
205152257
839319553
1037303809
1119191041
330301441
109191169
607191041
1224736769
1570766849
1484783617
1654652929
96010241
2013265921
72429569
595443713
1510735873
1461977089
1438646273
543293441
1107296257
218628097
899678209
1175584769
167116801
430006273
1072291841
237813761
1214144513
2130706433
2013265921
2013265921
1711276033
1541406721
570949633
1046511617
28311553
1792933889
504635393
167772161
1656225793
723025921
2013265921
1811939329
1811939329
1835008001
1866465281
899678209
1968832513
2113929217
42729473
2025848833
754974721
973176833
1340694529
4816897
2013265921
1737883649
894959617
24576001
885719041
469762049
1351434241
186646529
1300234241
2013265921
1811939329
947355649
1314390017
1403486209
2013265921
117497857
167772161
1811939329
2002518017
1711276033
163577857
453181441
1300234241
1321205761
1638924289
998244353
1272446977
1999749121
1811939329
683016193
1987772417
595591169
1811939329
1224736769
1811939329
1811939329
1158676481
167772161
980336641
2013265921
1731428353
2013265921
897581057
233635841
211812353
2013265921
1536163841
1811939329
2130706433
1303011329
1711276033
1315766273
1945894913
1389101057
938475521
64749569
1190264833
2013265921
754974721
1811939329
2013265921
943718401
380436481
469762049
218628097
1484783617
138412033
349863937
2130706433
581959681
1811939329
1643118593
375586817
429785089
463470593
1314324481
1572864001
683671553
469762049
938475521
2013265921
155189249
377487361
469762049
204423169
2113929217
715804673
962592769
880803841
328007681
1029308417
1676148737
633987073
2094661633
469762049
880803841
199229441
167772161
786432001
2130706433
1811939329
243122177
768212993
518520833
469762049
1064230913
377487361
23068673
1107296257
432824321
1107296257
1085276161
754974721
387973121
1107296257
894959617
1711276033
897581057
1068236801
760741889
692846593
101564417
956342273
1722482689
1261674497
1558183937
79986689
199229441
803782657
1223950337
754974721
985661441
1331765249
111149057
113246209
1240350721
167772161
504266753
945528833
1811939329
1107296257
1402470401
1004535809
432259073
2013265921
469762049
108650497
907411457
1540096001
998244353
1161822209
2013265921
415236097
1070727169
314990593
741531649
1073233921
2013265921
1253572609
532856833
139153409
1936064513
1206845441
2023555073
1655996417
2013265921
347078657
1333002241
1068236801
2099249153
2113929217
2109603841
754974721
359661569
5308417
26214401
1484783617
234356737
1484783617
1748410369
266334209
253100033
205619201
1144446977
962854913
2013265921
1004535809
768901121
573997057
2013265921
1805418497
1711276033
1107296257
595591169
2013265921
1119600641
125042689
1999749121
1255735297
16515073
487063553
522387457
1095761921
469762049
167772161
1866465281
1588789249
771489793
2013265921
1504706561
1269301249
275582977
377487361
2013265921
167772161
1224736769
918552577
2013265921
2113929217
488046593
263454721
1811939329
2013265921
154386433
1107296257
2117468161
469762049
1659437057
1185939457
529924097
415236097
167772161
167772161
1068236801
104857601
1281359873
469762049
1415577601
768540673
2013265921
2013265921
754974721
1509425153
186155009
85196801
1607467009
375697409
1980702721
64749569
2115207169
1651507201
1253572609
1804173313
167772161
397852673
1711276033
2013265921
924450817
2013265921
1395392513
113246209
476766209
377487361
2013265921
2013265921
1811939329
2013265921
1954283521
1711276033
511344641
2013265921
139739137
1811939329
1306525697
377487361
1019609089
1811939329
2113929217
475410433
697163777
1863319553
2013265921
590872577
2113929217
1592721409
270532609
151289857
577437697
1811939329
998244353
1395392513
459276289
645922817
2013265921
2025848833
2013265921
1827536897
469762049
1695547393
1093795841
2130706433
1711276033
26214401
469762049
186646529
1811939329
562364417
2088763393
913309697
2013265921
1224736769
28311553
189300737
2013265921
683671553
1329135617
593412097
2013265921
191328257
702676993
1420296193
896008193
1811939329
2013265921
167772161
311427073
1583742977
547041281
787660801
2013265921
493289473
103284737
897581057
1962541057
1931476993
308084737
167772161
313282561
2013265921
888360961
347136001
1062596609
1191837697
1572864001
14155777
31326209
1265786881
1107296257
462315521
1938554881
818937857
262852609
2016608257
169869313
1811939329
517472257
2013265921
1202839553
1261436929
2013265921
158334977
2035286017
1151336449
460849153
163577857
1572864001
748158977
361824257
1946419201
2130706433
2013265921
1281359873
1438646273
2013265921
1272446977
533463041
58552321
271589377
469762049
710934529
1002270721
666894337
2113929217
1780940801
998244353
57335809
1107296257
2013265921
469762049
68681729
169869313
1004535809
391643137
377487361
377487361
230686721
136314881
1711276033
870629377
2013265921
1224736769
2013265921
1831960577
181764097
436142081
469762049
1922039809
754974721
1799127041
247431169
595591169
276889601
469762049
1107296257
1107296257
1127219201
1397751809
469762049
653426689
167772161
2013265921
595591169
1763442689
1484783617
1811939329
167772161
1702674433
2013265921
1541406721
1811939329
387973121
2013265921
346275841
590872577
493879297
2013265921
1224736769
712769537
111403009
1711276033
1107296257
754974721
2013265921
514293761
1811939329
1711276033
1107296257
1484783617
469762049
52584449
998244353
1893203969
2013265921
1300234241
2013265921
1323827201
1224736769
1093926913
2113929217
376963073
1909719041
1811939329
28311553
2130706433
177602561
1821638657
1754136577
167772161
118915073
469762049
1261436929
244842497
469762049
1184366593
1247526913
584777729
1484783617
1214251009
403120129
1811939329
2013265921
1484783617
799014913
1835008001
2013265921
167772161
1397260289
469762049
786780161
818937857
2113929217
2013265921
711131137
1151336449
167772161
1336737793
469762049
1607467009
141180929
1224736769
2130706433
91815937
1321205761
1643118593
246415361
469762049
1218445313
820248577
950009857
942800897
1744896001
1051721729
1007583233
1695547393
597688321
529268737
2013265921
1455947777
448659457
1107296257
1107296257
1107296257
2013265921
595591169
455442433
915111937
2013265921
1831370753
2013265921
3219457
1301118977
167772161
2073395201
120586241
985661441
155189249
167772161
1598816257
1272709121
199229441
5767169
469762049
1696186369
2013265921
2013265921
2013265921
2130706433
1945108481
2013265921
457474049
81522689
1811415041
1735606273
710934529
1289224193
328728577
2013265921
167772161
1946419201
1107296257
715128833
295616513
710934529
2013265921
2113929217
1790967809
2113454081
2088763393
1265123329
341999617
468713473
1107296257
1527513089
97189889
1107296257
754974721
126222337
1712848897
669614081
2088763393
469762049
249561089
104857601
1212153857
2013265921
163577857
2044444673
1684930561
1811939329
1252311041
517472257
47915009
645922817
1676148737
1084784641
339542017
818085889
13631489
907018241
1811939329
1327267841
770703361
2113929217
1695547393
1593778177
2025848833
1528102913
376963073
239935489
1452802049
2013265921
765829121
2113929217
2013265921
1484783617
469762049
1718419457
302702593
2013265921
873005057
1866465281
149880833
1637343233
2013265921
334774273
624640001
1025150977
1811939329
943718401
630325249
155189249
1591214081
1300234241
978702337
1942683649
1811939329
469762049
645922817
5767169
228065281
909180929
880803841
1811939329
1724907521
2113929217
964558849
138412033
2013265921
1112977409
167772161
176898049
1414004737
1088684033
1954283521
1868562433
2094530561
1824055297
942354433
411279361
15548417
1060540417
2013265921
993263617
754974721
167772161
747687937
878153729
230686721
2113929217
880803841
2017984513
1488781313
360665089
136314881
324599809
97239041
897581057
1627717633
104857601
2013265921
104857601
726249473
459276289
138412033
232390657
575733761
2113929217
167772161
1835008001
635437057
1277427713
2130706433
1429733377
1410334721
2013265921
1391984641
369000449
795082753
17797121
1543045121
2043150337
924844033
2013265921
935329793
1231552513
1211105281
1380974593
2113929217
824180737
1379368961
2130706433
918552577
829931521
1709178881
518332417
2013265921
2013265921
234012673
1711276033
1336737793
1570766849
1351827457
2013265921
710934529
1811939329
469762049
345931777
2013265921
617545729
538755073
1008893953
168050689
993263617
1242628097
156303361
211812353
598745089
2013265921
1438482433
1327497217
576716801
541679617
2013265921
469762049
1391656961
775421953
2013265921
329777153
1224736769
2130706433
943718401
1321205761
1388593153
534970369
1711276033
699924481
818593793
405864449
1465188353
424722433
897581057
1735557121
1484783617
184860673
2013265921
2013265921
2135818241
1434419201
1638432769
2088763393
832782337
113246209
261881857
2088763393
1107296257
1224736769
2013265921
1790967809
172707841
2013265921
1424490497
750616577
2013265921
1541799937
544227329
2013265921
2088763393
917569537
1479540737
1280376833
519540737
985661441
2013265921
330301441
2095054849
1284898817
897581057
740294657
1215578113
37224449
2013265921
2013265921
665026561
184811521
542605313
364019713
1650720769
182353921
1168162817
93585409
954335233
975175681
1793032193
138412033
582844417
2013265921
1395130369
155189249
2013265921
1127743489
1811939329
1942683649
1211105281
2013265921
1275744257
1943666689
329515009
2017984513
914096129
1107296257
138412033
2022277121
249880577
463470593
186646529
1594884097
1312731137
985661441
1224736769
1584136193
2113929217
352616449
1107296257
1422131201
2013265921
167772161
508420097
2013265921
2067529729
1484783617
1410334721
1484783617
2073133057
2013265921
1224736769
2113929217
2013265921
1646788609
899678209
998244353
1951506433
2113929217
2013265921
666894337
2130706433
1531445249
1405747201
2113929217
1711276033
2013265921
1811939329
1148485633
2013265921
1790967809
683671553
831717377
2013265921
469762049
377487361
1711276033
469762049
1222574081
1653440513
167772161
158334977
918552577
1484783617
1272709121
215482369
2013265921
1107296257
2063564801
1711276033
1224736769
2013265921
138412033
1811939329
629932033
2013265921
1482670081
2130706433
2013265921
1107296257
999424001
1484783617
256770049
138412033
598245377
1034813441
1107296257
27615233
752713729
377487361
1742012417
1750327297
162152449
2130706433
2036269057
117964801
1724907521
932577281
1711276033
1424490497
645922817
608698369
1811939329
2130706433
70254593
1012924417
2013265921
144805889
1107296257
288882689
2013265921
1883570177
1612644353
1811939329
1744896001
1811939329
2052390913
2013265921
104857601
932904961
2013265921
744603649
22806529
313655297
935329793
17375233
1161822209
2013265921
899678209
163577857
1885298689
1374289921
2011299841
251748353
228065281
1994948609
1151336449
1212153857
1811939329
1582563329
98295809
14942209
754974721
1261436929
2013265921
569638913
754974721
211025921
597688321
104857601
437649409
6209537
2070937601
469762049
54030337
1224736769
1804173313
2067398657
469762049
2013265921
1205862401
1012924417
155189249
256376833
818798593
1811939329
2013265921
1562116097
759693313
1242628097
1393917953
167772161
754974721
2013265921
1675886593
799014913
2013265921
549978113
786432001
1578508289
754974721
1790574593
2113929217
1711276033
2088763393
1786380289
701902849
1232601089
2013265921
274726913
2013265921
2113929217
1211105281
1107296257
595591169
1811939329
2013265921
114032641
763887617
2033975297
2013265921
2082078721
2013265921
1790967809
1630535681
167772161
2013265921
2022309889
683671553
358236161
1558183937
704536577
42418177
2130706433
42729473
2013265921
69206017
1440325633
2113011713
2028863489
2130706433
469762049
2013265921
1536163841
106487809
2025848833
1811939329
1269956609
1811939329
2013265921
1811939329
573038593
2013265921
2013265921
469762049
2088763393
687603713
1218445313
336068609
1811939329
306475009
132612097
39100417
1032257537
645922817
1150025729
649592833
410849281
1711276033
712769537
149815297
1031667713
880803841
41193473
754974721
167772161
989675521
2013265921
468713473
507985921
588267521
2025848833
1811939329
288882689
377487361
501915649
241827841
1811939329
1005060097
1437024257
163577857
1035550721
2013265921
998244353
2013265921
1212153857
813432833
2013265921
1321205761
469762049
2013265921
608305153
1813512193
897581057
469762049
1801125889
1630535681
2013265921
2013265921
1107296257
897581057
31424513
335904769
894959617
2013265921
1161822209
2013265921
186646529
2013265921
922877953
1559756801
469762049
1711276033
377671681
1321205761
2113929217
1899102209
1981022209
995082241
972029953
1102053377
1996750849
1570766849
1391984641
1926758401
794492929
2013265921
675807233
1089220609
1811939329
1664483329
929476609
2013265921
907542529
639631361
897581057
1711276033
1366294529
2013265921
2113929217
1443094529
538894337
2113929217
1485832193
2130706433
2130706433
2113929217
263913473
138412033
418037761
2013265921
91865089
1401290753
230686721
104857601
792395777
1759707137
2113945601
744325121
683671553
452198401
49938433
1847787521
1711276033
1300234241
2013265921
2013265921
1136558081
2113929217
1065779201
976355329
266895361
950009857
2013265921
1811939329
1865777153
639631361
1624129537
104857601
1113948161
290455553
1976893441
1811939329
985661441
568078337
257949697
1724907521
290455553
360972289
29687809
1261436929
1811939329
377487361
1866465281
469762049
1214390273
1224736769
998244353
1608253441
1711276033
1158217729
1092616193
1133510657
1260994561
1783234561
1723170817
1504051201
2113929217
1051721729
468320257
1811939329
1107296257
469762049
1438646273
2013265921
1693696001
2025848833
394657793
469762049
351404033
2013265921
818937857
2013265921
469762049
469762049
1224736769
782868481
167772161
337477633
415236097
1267806209
734527489
666894337
1092616193
1083277313
1327497217
1412431873
1158676481
1711276033
1893728257
1107296257
1288568833
2013265921
754974721
1269301249
1243250689
1745387521
1711276033
2013265921
1107296257
2013265921
663224321
2088763393
2013265921
1107296257
1149091841
167772161
1410334721
469762049
819658753
614699009
469762049
469762049
469762049
614526977
839385089
1931476993
69206017
1181700097
553254913
786432001
1576861697
883949569
2013265921
1931476993
223756289
703070209
209166337
1085276161
1676328961
858882049
22724609
1161822209
847200257
2013265921
1107296257
958922753
723386369
1300234241
2013265921
1376649217
1711276033
1481605121
376307713
935329793
1177092097
1367801857
361369601
1484783617
2013265921
2013265921
745332737
1568407553
1224736769
683671553
1585053697
167772161
516513793
1107296257
827047937
1811939329
1438646273
1645084673
2013265921
2013265921
1212284929
1953497089
645922817
198574081
1295450113
740294657
92471297
900464641
469762049
1224736769
2013265921
1138753537
880803841
791347201
811204609
500555777
469762049
247185409
2013560833
1440808961
95813633
230686721
1684930561
1484783617
1438646273
1431306241
1643118593
552861697
440246273
72744961
459276289
754974721
164761601
163577857
2013265921
2013265921
1882324993
469762049
1832747009
1114841089
1607467009
880803841
469762049
1300234241
602357761
595918849
850788353
41746433
1314390017
2130706433
799014913
250699777
167772161
645922817
463470593
1210359809
637009921
2113929217
2013265921
2013265921
1151336449
1156988929
919719937
1651867649
827031553
469762049
1914437633
2013265921
1565786113
1898315777
1811939329
1645805569
1300234241
469762049
1329254401
1107296257
1790967809
2013265921
1315643393
556351489
799080449
1711276033
1432772609
1587560449
288882689
802160641
1224736769
27328513
167772161
668491777
2013265921
595591169
2013265921
167772161
94863361
222035969
469762049
145489921
864092161
243204097
466354177
1484783617
1505230849
2129215489
1321205761
1431306241
873725953
363790337
500002817
1133510657
2099249153
347078657
924844033
1285144577
469762049
1528037377
469762049
1894875137
129089537
1107296257
377487361
1711276033
880803841
1212153857
1542586369
1953759233
1092673537
2013265921
2013265921
1709178881
1168900097
1849163777
663224321
1107296257
940572673
249561089
786432001
1156055041
93892609
1893203969
1088684033
1050992641
469762049
2022965249
1218445313
1711276033
2013265921
897581057
1953497089
2130706433
1664483329
169123841
328974337
2013265921
2013265921
1286602753
2113929217
1711276033
2113929217
228458497
163577857
1107296257
1625751553
595591169
1253572609
2113929217
820510721
2013265921
1468874753
167772161
469762049
2013265921
167772161
1224736769
469762049
438263809
2113929217
1107296257
709230593
150003713
2013265921
1386971137
1811939329
2013265921
2013265921
167772161
189530113
147849217
234250241
1848041473
2013265921
589791233
1572864001
1289224193
249561089
1364951041
555220993
1484783617
2099355649
1464598529
198082561
1143472129
2013265921
138412033
61652993
1281359873
938475521
1592393729
1711276033
1390182401
897581057
862978049
260571137
897581057
979107841
147849217
675807233
1624375297
2132754433
754974721
597688321
1142685697
1333309441
998244353
515964929
666894337
1440120833
469762049
1581776897
909377537
824180737
1811939329
2130706433
447741953
477429761
276430849
141557761
2025848833
2013265921
634519553
2013265921
2013265921
699924481
550371329
469762049
595591169
2025848833
639631361
1871896577
132120577
854843393
2013265921
167772161
1153892353
2113929217
469762049
1012989953
181051393
526934017
569638913
1185939457
2013265921
897581057
1161822209
754974721
2013265921
167772161
1169227777
1107296257
718274561
1741406209
998244353
469762049
316284929
938475521
469762049
69206017
2013265921
1212153857
1403846657
383778817
1746124801
1315962881
683671553
737968129
2062123009
635437057
935329793
167772161
1107296257
1824915457
1874821121
1786380289
111149057
500432897
1186824193
156499969
1224736769
962592769
552681473
17006593
437911553
475066369
1541406721
781897729
645922817
1484783617
1484783617
2113929217
683671553
539754497
111149057
1218445313
395911169
576716801
1107296257
1146093569
1224736769
918552577
2013265921
2013265921
2013265921
2035286017
653393921
634519553
2013265921
144683009
190087169
1290534913
1811939329
1711276033
212303873
918552577
2013265921
754974721
1252851713
1107296257
1199308801
610582529
645922817
993329153
843251713
2013265921
1365245953
850395137
770703361
1064697857
21495809
2013265921
1927151617
1711276033
469762049
1227620353
1174929409
821002241
204029953
1591345153
2113929217
257949697
2013265921
469762049
1048707073
469762049
1620115457
2130706433
1437597697
1110151169
2132279297
354312193
2025848833
1107296257
1107296257
2088763393
1811939329
138735617
35454977
1636728833
240148481
1483595777
2073198593
1089134593
167772161
1384906753
1894776833
1180434433
958922753
2013265921
1095761921
249659393
2013265921
1269301249
1055260673
1811939329
909869057
1391984641
935329793
364060673
167772161
447741953
319160321
2013265921
630685697
1811939329
1811939329
489963521
1277427713
1811939329
253689857
1712848897
2143469569
410386433
2013265921
452198401
1825579009
469762049
113246209
1811939329
230686721
469762049
771489793
582144001
2013265921
2037497857
1790115841
1941307393
712769537
632627201
2013265921
1338900481
146808833
998072321
1711276033
759894017
676577281
469762049
903086081
2121793537
230686721
1214251009
2013265921
17416193
1455947777
639631361
469762049
138412033
1419673601
429367297
1118568449
469762049
2037841921
790069249
2013265921
1811939329
935329793
645922817
1107296257
249561089
2013265921
1286553601
415236097
943718401
481148929
2099249153
469762049
2130706433
740294657
1318715393
1711276033
1107296257
469762049
2013265921
1811939329
1296433153
1099431937
1235337217
2013265921
469762049
826441729
311808001
167772161
1052508161
2036973569
1224736769
1781268481
1811939329
383705089
2013265921
278274049
2113929217
469762049
29884417
758812673
1107296257
1906548737
1811939329
1811939329
2013265921
1316462593
469762049
85688321
143884289
2113929217
983203841
1996750849
685821953
1429733377
2013265921
1497653249
151797761
658808833
2088763393
167772161
862912513
1953497089
100139009
1107296257
1138753537
2099249153
2013265921
2130706433
645922817
690552833
377487361
880803841
1281097729
2013265921
2013265921
2013265921
1300234241
1108439041
2113929217
2013265921
167772161
880803841
2013265921
1811939329
1248526337
754974721
2013265921
438829057
721059841
167772161
1684652033
1531445249
2088763393
1391050753
1724121089
1479540737
958922753
1811939329
1321205761
1483603969
1938014209
167772161
1986920449
13631489
2100068353
576716801
167772161
2113929217
754974721
1211105281
1811939329
1211105281
469762049
2013265921
1327497217
2094530561
1811939329
1484783617
584581121
1300234241
1402470401
1202454529
376963073
1438646273
786432001
76480513
595591169
773275649
555384833
110202881
28475393
663027713
1232109569
1711276033
437911553
608698369
10223617
111378433
1915420673
1452802049
1499987969
316653569
1635680257
32899073
211501057
1351704577
2013265921
2013265921
175943681
1711276033
167772161
1711472641
1012924417
1711276033
928792577
2113929217
2013265921
897581057
1980899329
357408769
1264009217
1853104129
1410334721
167772161
211812353
737722369
210370561
1414004737
925892609
1620836353
1102053377
2113929217
415236097
626556929
1811939329
1387315201
1158676481
69206017
469762049
1598816257
1321205761
684851201
1437597697
754974721
754974721
73695233
754974721
2013265921
1711276033
1088684033
1224736769
961376257
1107296257
2013265921
2068676609
830894081
1592721409
469762049
880803841
415236097
2113929217
1572864001
880803841
394985473
592281601
1300234241
639631361
703823873
1300234241
469762049
897581057
1127219201
469762049
1994063873
1438646273
531628033
2013265921
473694209
388366337
922398721
1692008449
1713897473
645922817
147357697
211812353
1811939329
469762049
469762049
113246209
2013265921
2114191361
2013265921
1107296257
897581057
630325249
1212153857
1959264257
433586177
1438646273
1902247937
2013265921
467255297
609681409
982417409
1455685633
666894337
1224736769
615186433
1241456641
2128740353
1853423617
1212153857
1328422913
2013265921
1711276033
99483649
391708673
386400257
1505886209
899678209
769130497
2088763393
838746113
748748801
2013265921
897581057
918552577
799014913
469762049
1300234241
2113929217
1300234241
744325121
431865857
1485832193
137297921
1253572609
538673153
1151139841
1843101697
1522630657
1845329921
1056342017
2013265921
2099249153
754974721
127664129
645922817
393699329
469762049
1232601089
989986817
2130706433
575078401
130056193
2013265921
38256641
163577857
469762049
1232601089
2013265921
1603338241
844627969
208293889
459276289
181682177
683671553
179937281
662106113
1603870721
167772161
54427649
620265473
2013265921
249561089
167772161
1522548737
2013265921
469762049
53575681
1711276033
601866241
1556938753
1261416449
163577857
952238081
1607467009
352714753
1840316417
1903362049
1107296257
782499841
186646529
2013265921
539738113
1051721729
799014913
167772161
294977537
639631361
2137792513
660078593
469762049
591265793
371458049
1415577601
469762049
811859969
1724907521
1315962881
880803841
2013265921
1174929409
1725300737
1811939329
1479933953
469762049
1811939329
264589313
2013265921
1049395201
2113929217
1231552513
793509889
2095054849
1240399873
1723678721
1272102913
2013265921
1533542401
897581057
1321205761
81788929
1305542657
469762049
740294657
2055995393
475144193
2013265921
524812289
984481793
409993217
1811939329
2113011713
1364951041
851705857
1405747201
688340993
2130706433
2013265921
1811939329
1811939329
1481244673
337985537
2013265921
199229441
207659009
167772161
1137049601
2130706433
2013265921
2113929217
469762049
2094530561
1484783617
1883176961
699924481
2013265921
655360001
611844097
897581057
263323649
468713473
2113929217
1532035073
59781121
1711276033
400097281
1009975297
1711276033
2013265921
2013265921
469762049
1300234241
344850433
1474953217
2013265921
387973121
1026932737
897581057
595591169
710934529
1850441729
1236860929
1811939329
666894337
2010464257
1811939329
2013265921
1307836417
169869313
1161822209
1112473601
524812289
1277755393
908328961
2025848833
1811939329
70254593
509288449
1790943233
1107296257
2088763393
1151336449
391094273
377487361
584581121
1151336449
1107296257
1181908993
377487361
305283073
254279681
1007681537
1618542593
371458049
1380974593
718274561
615186433
1529085953
167772161
77651969
199229441
1281359873
83361793
687603713
976224257
1505886209
626262017
469762049
2039111681
998244353
998244353
1397751809
469762049
2013265921
1570766849
2113929217
1906573313
302776321
615776257
1779957761
104857601
1811939329
1560936449
754974721
2070151169
540540929
469762049
841584641
111149057
1300234241
469762049
1572864001
1424490497
2015887361
720240641
1811939329
142245889
1107296257
1159200769
2013265921
998244353
741572609
2013265921
754974721
880803841
2113929217
339116033
623149057
361758721
741670913
1484783617
1375469569
711897089
2130706433
158334977
985661441
185597953
932970497
675790849
1845379073
1594884097
40370177
1592393729
1292369921
605552641
115212289
824819713
400834561
576716801
1624768513
1107296257
76185601
1908277249
2114977793
469762049
1484783617
167772161
249561089
1634697217
416808961
798097409
2013265921
2013265921
469762049
2013265921
783187969
2130706433
2013265921
2130706433
132759553
2013265921
469762049
829071361
469762049
2130706433
145489921
468713473
1107296257
1103626241
1811939329
1550745601
68681729
2094661633
215482369
2013265921
469762049
167772161
487260161
2130706433
975175681
1942355969
1711276033
325386241
113246209
576716801
469762049
1582563329
469762049
230686721
1652948993
595591169
2113929217
925892609
1922531329
2013265921
487514113
249561089
2088763393
810024961
231473153
683671553
1827536897
614400001
469762049
469762049
469762049
1536163841
1711276033
121618433
386400257
880803841
2013265921
754974721
1677459457
932577281
2013265921
839319553
1651507201
2000289793
2013265921
1157103617
167772161
469762049
210567169
469762049
183631873
1146880001
1572864001
899678209
972029953
557187073
880803841
69206017
388104193
2013265921
1300234241
469762049
173801473
3735553
1300234241
1443758081
866107393
182845441
880803841
1253572609
1965580289
2120482817
2010234881
1528037377
1811939329
897581057
141557761
1942355969
1360920577
1107296257
1161822209
2013265921
897581057
954335233
167772161
2013265921
1224736769
721551361
469762049
948535297
1811939329
1969569793
1107296257
127172609
1089949697
136314881
185597953
332070913
1005060097
5767169
1107296257
805109761
1811939329
1757642753
760676353
1874329601
754974721
1893728257
775421953
1300234241
47308801
469762049
1811939329
2113929217
469762049
1205862401
469762049
1091174401
1843101697
181764097
469762049
1133510657
2013265921
897581057
1159200769
786432001
2013265921
548159489
1659437057
2013265921
1321205761
1813577729
1859715073
1598816257
469762049
755466241
144375809
359546881
480919553
2013265921
1643118593
1415053313
1224736769
1811939329
2013265921
748158977
666894337
1410334721
1365245953
559661057
1012924417
1879785473
1711276033
469762049
1224736769
2113929217
439386113
1147355137
943718401
985661441
1811939329
265420801
954167297
552927233
1993179137
754974721
2113929217
2013265921
1120780289
950009857
957677569
2013265921
560824321
2013265921
595591169
1811939329
1811939329
1998585857
489766913
1107296257
850395137
134565889
213409793
2013265921
1004535809
1607467009
1158168577
277086209
141557761
1547378689
998244353
2012446721
333803521
101711873
1834844161
2113929217
1664483329
1369047041
469762049
2113929217
1107296257
469762049
2013265921
1403338753
469762049
2013265921
1300234241
2013265921
163577857
1327497217
49274881
935329793
1811939329
100335617
1300234241
469762049
649592833
2047623169
2130444289
833617921
548626433
2108817409
897581057
2088763393
1691484161
867434497
1250635777
2013265921
1711276033
889126913
1149296641
136314881
433586177
2113929217
1800732673
2013265921
1096302593
1539899393
167772161
469762049
531628033
1511915521
1300234241
2013265921
943718401
645922817
1138753537
469762049
1107296257
217317377
1107296257
239763457
2013265921
132120577
1811939329
1930264577
626262017
435535873
2013265921
590872577
167772161
2050031617
1172832257
1161822209
1107296257
336068609
1612742657
59637761
1107296257
880803841
1441669121
1107296257
1711276033
2013265921
2013265921
2130706433
645922817
893255681
597688321
2088763393
870670337
489422849
38289409
2018172929
498466817
1538899969
547790849
469762049
201719809
1342308353
1365245953
1956118529
626753537
1159200769
469762049
2072313857
511918081
167772161
2113929217
1979031553
2013265921
748158977
2077229057
1224736769
2034204673
875642881
897581057
1267253249
564084737
478740481
1581776897
2039676929
801374209
502333441
469762049
1811939329
2013265921
644362241
1492123649
634716161
75612161
1499987969
486891521
926949377
998244353
966291457
452198401
659808257
1896972289
2013265921
2013265921
2099249153
1057374209
1146880001
469762049
645922817
1036779521
92884993
1161510913
1811939329
2013265921
1458700289
178782209
417243137
2090336257
1484783617
140771329
1161822209
2013265921
1441841153
564252673
1708392449
645922817
809041921
748552193
876802049
469762049
1811939329
341999617
167772161
230391809
1811939329
1484783617
736583681
1811939329
383778817
1184366593
155189249
1654652929
1811939329
916881409
345538561
1581187073
880803841
2113929217
1811939329
408616961
2013265921
1888485377
140935169
374734849
1395392513
69206017
1711276033
1242628097
2013265921
2752513
459276289
2013265921
2113929217
2013265921
2130706433
