408
19991
2761
15817
4202
10240
87214
7683
20487
15552
68269
15256
12740
17640
4001
11517
19449
5916
30934
35367
40463
34292
23136
33628
9012
60843
35235
3629
36642
23946
13515
35119
11236
44031
38785
3346
23851
5562
4482
15840
23495
12841
40715
34074
14049
40153
12026
1
13957
7112
26909
10552
39022
19930
6017
30878
41456
7759
32805
61292
51490
45080
3277
62209
13897
1159
16661
39758
16108
10374
51142
21893
18281
18462
37490
33250
23917
51547
40951
47263
10162
3738
49925
1836
29385
46518
7281
36235
5989
75247
13998
16746
5778
6561
21380
17987
1233
16534
6405
11877
33543
40330
83856
30025
67988
3661
34035
16400
42610
17325
38705
44796
3849
29744
34060
20856
4286
48321
112
1923
14086
3169
5687
56275
19518
25589
9226
7456
26467
40633
24372
31996
44361
5680
19386
12019
20563
23573
17899
13487
31965
21065
17043
1177
7026
4311
17835
2895
1
70777
9592
21009
10330
57901
1
17843
7333
25585
35114
1264
37612
35276
40699
26616
4863
63593
31585
907
46166
27665
38322
33117
35497
35822
54371
7754
48456
25662
26930
40176
645
39269
41229
36258
7742
27581
16108
9877
15965
83422
13824
31777
786
38206
31601
85781
32898
1836
43661
15853
39215
341
1197
8448
10534
86788
8086
45289
32222
20522
14443
67232
5077
38864
62128
37591
1219
21184
8110
2011
27483
2155
44250
16775
22096
56014
1450
7739
47501
30016
15640
28856
50977
574
29951
26259
27609
14409
18533
32340
8922
67419
27
15535
73099
658
4717
24738
32141
7022
12261
28360
24430
5892
20754
66263
57416
7224
56714
12674
24210
31425
15181
26362
6840
59391
66248
2570
25204
657
10142
52476
27961
73569
49718
31886
23471
18575
27286
36936
1476
15033
18741
67046
9095
305
10236
53040
20486
65887
3250
3063
56059
16724
752
72982
55505
3017
10115
7148
36772
36037
69364
13950
54735
30709
36496
597
12228
57580
18277
34725
6272
31075
7891
23130
59215
14371
12749
7161
823
57728
4161
3562
66387
43919
7190
18225
22040
584
45376
8731
14836
31441
9410
17782
71969
29594
7118
67910
56944
7499
40189
34077
36436
63715
22828
14744
7321
72949
6902
51367
1433
7714
5247
14212
709
30478
30483
745
17068
25054
9283
11213
3819
3673
3880
36299
2238
40778
14853
10412
20073
202
28241
9437
14988
30742
4341
22120
40665
65198
56947
40697
24063
671
44921
456
79938
830
4998
2973
60599
15316
20161
31089
17391
19807
489
8490
11844
1449
38826
6929
1
31890
1397
11439
8890
11623
47200
938
34005
1441
24767
1200
35215
22352
9091
36015
44144
7210
35086
7903
5894
17830
68687
8496
1849
1271
4756
61931
1677
40243
31119
4121
8721
417
50881
24560
35896
4815
40798
48932
50384
58958
43689
1051
26538
6739
27603
40882
66193
12076
16983
3326
4229
23145
28155
8869
207
31963
20791
22214
62125
61030
85154
63649
15379
39401
85597
75235
13645
23715
3173
18241
17383
2014
9036
1
8715
13213
24049
2226
75157
26045
64615
906
47591
2891
9070
25860
42401
13492
32588
24713
22485
61338
47325
1
82837
96661
910
15126
10279
12805
32861
2500
22924
5929
23061
16797
5930
12801
48582
6487
19974
33448
38081
1062
16
22590
13551
16825
14311
22601
14242
17796
9829
3572
48896
24535
7696
38134
80
1979
35013
3694
30119
26511
21
1306
2160
18081
7115
15238
6664
1492
6889
67600
4314
2437
18072
1265
32726
12064
1600
11329
5136
9297
6741
35776
16893
11041
38559
64618
9533
9508
61549
12530
13655
34197
46131
1598
8515
6308
56335
33821
13155
10410
6978
54045
2415
6338
26446
38856
17012
597
4308
20061
8716
54658
5395
28098
23920
25005
2137
31069
36524
68538
225
53439
29520
7193
32524
9286
4012
68509
35208
53491
43424
1612
19681
95873
1181
9253
10982
30925
35891
4918
5006
15427
26786
1556
36820
48245
24415
24743
393
12819
23702
45677
49301
72174
39824
35657
16074
16739
35998
1835
28356
8736
34649
54445
67864
8953
5581
12762
10887
3437
7075
18612
9001
3557
8043
8467
9686
9727
845
11271
2447
79899
3249
4606
2349
18592
16748
24900
11107
38157
26869
7380
5753
340
2193
38023
39222
3790
28367
23249
16693
44167
38389
7299
80057
8373
78649
59078
53040
34095
58246
2688
3288
13274
5080
19231
69144
61539
32102
15155
38465
70589
9458
13114
929
9569
64473
44199
2437
8425
12160
28492
27731
15591
2114
11560
11677
3235
24900
46261
27037
5365
54276
2037
18961
30195
55799
15125
48988
14759
5512
4131
3187
1394
25976
51478
33184
29043
74519
3145
24665
31537
653
53657
30348
38126
35681
32376
40326
18385
18814
49551
25429
18509
2422
5301
20320
28617
38731
405
26152
6651
2159
29041
22009
8846
84056
37737
38109
23099
16979
5943
24310
10876
39931
4489
54058
29111
36691
1793
47888
8128
42420
17142
201
9271
23003
1744
961
27375
11575
123
32759
7828
9984
1541
53507
12107
7845
33125
60802
4201
3626
22837
1297
23993
24616
2644
547
21441
50838
62359
46065
10232
7021
10108
37396
7117
245
1852
3918
1361
8665
27252
42882
41659
24673
24774
5800
9532
68372
33080
911
10225
963
1465
29519
22099
12495
10673
3837
86636
24159
13677
20788
5540
1
3320
1447
25030
42270
81945
80869
17971
9384
111
41449
1066
1155
12156
67759
61867
28986
29751
41387
4998
29841
3052
34489
1315
13409
33333
45491
28123
58205
17287
5945
5713
8977
16530
11727
13479
28817
3361
482
44415
4128
12090
64876
30315
27550
44104
57123
887
37315
30037
7761
26929
2143
12158
4118
556
2737
1509
90520
18213
50068
5681
3617
1450
19857
24802
56344
72930
14546
13959
13075
7011
184
73135
1354
337
20081
25356
9544
26096
697
23706
7567
552
57517
11608
6534
51916
7893
15390
110
1331
41885
1750
13208
1681
38041
32199
18216
27795
6983
17839
14809
59114
35712
85841
16364
8854
17712
4960
9789
4748
17165
34766
12219
83392
169
19531
42934
82897
53196
13870
12143
828
19123
18437
20266
9266
47680
48144
15211
63854
35236
63657
34767
17323
64222
37461
29680
27474
29999
9208
1994
14658
10315
4377
282
30074
44767
40043
17018
47950
52999
12317
