2289422
3431394
3112801
88993
3620185
3568578
10363838
660952
3109704
7001426
6154940
1452017
5411943
2863369
8241890
3116094
9866793
13588539
5832891
581459
1650814
4333244
15997674
1490189
821736
1554888
2005081
2661548
1544131
875928
9306424
7953570
407094
351936
1156521
11018036
3725175
1062679
9447420
3376692
586190
4493499
4726260
4240773
2670545
6522286
8025544
7425089
16561080
535882
5514182
3733165
475894
6102689
2259440
8612625
6526117
9728018
14616876
944139
4302572
2297640
4468613
1647934
3857689
16425606
4747675
1792971
196334
6841084
1342994
3773883
9805401
5187732
8794642
10238085
21141
1710343
6548896
2986217
8027154
14044798
14445250
13011191
3872177
2294361
19220493
167400
4120639
19196071
1231321
656328
174650
8396097
2156580
12490512
130846
921057
4028720
4602921
4216921
1511448
5792984
3992447
439352
14323094
8551170
875448
14857209
391676
1283535
13491764
5355745
1080567
1255747
11881
11571907
302847
3882266
4881931
678624
3086
16866532
2182820
1604120
1885709
6454539
1793242
2382141
13132
1141984
2900727
4230135
8704822
11327950
2510212
3143416
8431627
7056572
54506
12683154
1964018
10837905
5009979
10303931
9689205
1238431
11431405
111664
8356701
10410777
13672969
6166672
6907074
5033606
6007438
434676
1709739
6422100
592679
9655757
179323
1181667
586717
12442476
7114891
10753771
2641980
761541
4201591
8910089
10220377
5057980
21937
5482226
856054
4047230
1723035
756526
9377166
3500093
4647370
2860912
936706
526699
2522653
13268968
5051523
551691
6736424
6122500
4066705
1301667
5335
568674
5414931
1119801
294675
1289313
3057681
6808630
891736
6842280
13562132
12333601
2035290
10760893
5183809
10142838
6191796
1408778
786510
7220921
7650131
12185240
10510534
719372
9824750
5300032
11622136
4130410
4401148
8264167
8406212
1021880
10398798
5048549
4943142
6968399
6753388
283901
12314596
397648
1200704
31161
2009911
3145863
2063970
14548365
10349687
17672829
3315423
2206434
4154160
964420
7214819
16027033
714811
3541858
572895
12694186
9418428
7078736
14354233
158098
6158178
1255165
10619064
2798989
1972788
13551941
627483
2452912
9791666
2731265
3800430
8540182
5861869
3677198
2849588
1976793
9574087
12479
3524325
4234176
1765675
8853409
6514292
4991325
8771291
6416132
6024756
10827368
3597211
2407349
1672182
18135412
48061
14800896
2737537
3437916
2940362
5200129
5586864
4758528
4307158
4019943
7796253
19163196
4455578
1279908
6716644
570851
2003436
1917257
2726709
9554164
1681969
303345
1149124
981703
8989624
6229046
1811294
3917824
10679915
329195
4934345
4891267
330864
93451
3763161
634004
10931045
4527595
6222416
123082
4146516
4854953
210395
8967211
5442565
7066148
7281141
1117679
5680565
1501504
3425541
6827264
2862715
6948352
1837754
966961
248184
1420841
897778
9518559
3680680
861366
17132295
677706
4849859
1519533
7509228
6547038
2042416
6537210
861696
1433617
3197149
5867156
381943
4183271
1830383
8638576
2310471
249010
3461220
6844850
2978539
1628636
3479393
6301278
6795364
6403139
4741249
14332836
11378618
6641750
2601014
754997
17023392
270469
4317625
7495874
4775468
1077570
358618
118270
11938229
636245
3674997
3354985
5940827
10888156
3908558
9183658
5785495
10077147
1756912
4625091
793969
410158
2059604
4638889
11257501
4024023
2398929
4663101
369375
5171722
2765638
3438673
174083
8401516
311985
12664474
2674297
592012
8888536
4263212
2829136
11224448
1617494
4837148
1690871
9372876
1110593
5710076
6498472
15653176
12184546
607438
1678763
13736305
575724
8112609
3265915
14330623
6763418
9860853
8876212
9419397
2752
2405240
2371108
1757887
1005313
469045
8221605
7566596
10418016
8854107
1043969
4357593
38504
5045314
5917446
2260512
600559
1535527
3924685
7389267
4558581
6728948
4460848
9869615
1169274
2859439
674100
352874
4483644
5809937
6716269
3008660
1873051
937023
3554117
1231460
11630224
1188920
1837072
5282392
4219520
52365
86498
19316691
1927978
1625296
10880984
7725204
1176347
2137627
9404239
2977124
547420
7133512
720693
66445
701184
4250615
1897102
8519748
6224997
6900825
6126609
