431218
1829425
10957570
518091
1191294
1515923
9387480
180791
2165803
1418720
7329356
119917
1091515
10876973
522267
3673175
10016554
13156507
11471416
7314616
9882375
2538132
2216266
7186234
6861597
390614
389082
8040974
12298042
4086054
215158
15220375
9325028
4775405
93483
7587060
1480092
11763740
1694967
4216807
727651
14046408
12077763
703660
8899397
1626150
8113429
1424147
3888698
1261611
5029112
5886729
2058982
15994575
15204815
935532
540520
280518
1000289
11657347
1551112
6160827
14944703
2862917
11775846
14488243
48443
2468863
3760516
1998359
41969
4210481
1031938
7720
1757950
8184066
1658674
2413874
1678057
3588095
2882894
4650917
52231
3783065
7744475
8040913
6739507
12818362
1441642
3804958
4719629
5577713
6196544
4724593
1906427
9742039
1858476
2479475
8723969
4985345
5159023
7891204
13226863
10474586
3989946
10566512
12989493
11035138
10245728
4455581
8889845
144729
5378164
2649856
673996
1885363
3752797
767792
384877
2284770
5777508
8799452
10939172
3374306
10915517
11499399
360954
3520659
1217788
8413926
6527749
4032793
2162706
5921762
1646462
10251611
3078730
680410
4736447
14333852
14422072
345295
5456129
131675
1741302
5592659
3672637
8485078
2262432
23531
1159115
4447352
14049980
15754
1543744
1336299
3058522
14085716
13238705
9254150
3553150
7736567
1466828
2133740
2219824
472933
628452
1148036
3799118
7694976
3615515
7812774
1163552
1328125
9023414
4686568
1692259
12807201
1581749
4274499
7903518
14787085
3078281
5595808
2755911
10400343
2352437
6783683
2627333
23702
4232416
678563
394408
11792231
16080181
778785
274498
3273921
4964555
4201149
656797
176997
4672027
9048721
3354697
9499224
2465104
6495892
5779255
4641990
14643597
411309
8470929
7161713
159770
7609588
3033404
847434
2455881
7291362
1301406
6302782
2901804
11311325
1157039
576090
5664145
3637018
3704749
3140156
773809
4157300
17585958
4088058
3812620
106776
1137762
998460
8683343
575647
11160128
4859288
1503778
5435367
237560
10682709
2791638
9613
3129506
10057492
15663309
1136107
575
895475
2836314
245306
6523542
10488117
18350889
14115251
7670056
2181367
676854
2075810
1715576
1865601
85257
9198145
13903426
822364
1211641
7661353
2362171
4320061
7043104
14313292
2373402
6988556
4810917
8988695
8996840
6622597
3224008
1863145
9898111
11362590
12806267
7740507
2488432
7051358
1294109
1274493
104762
6692014
4471854
5230531
6824583
4238120
1053785
4945036
7323787
4915081
4461655
5212184
11536813
5554134
4243013
1031999
12039099
730060
106144
569421
5567564
2211188
6480917
5486836
48001
697353
4051422
2659344
7096831
899488
4744490
4392658
4784065
123487
766465
7903018
2075569
439609
14077535
2457809
1839768
14395634
536527
1423861
3489019
2575931
2990579
2115160
1816723
190457
12352565
1090876
236214
3081023
14736643
11127963
3458013
2469738
5423019
1512048
8337441
7690680
3393838
262970
5527356
2257918
2183784
11618294
1713937
12293290
159436
270004
26398
2740525
751699
2636945
9605914
4286718
10595434
10664918
9797523
213392
12320469
2672834
554398
542108
4235985
904459
6746223
10657783
3290116
5161861
1182390
418609
2960692
15438495
267861
690963
666551
1842395
2045820
9353673
609901
3441224
2177744
4836626
3356754
15903
1853035
420329
3589702
1439199
2881895
1562391
7828699
709349
284887
8280456
1154621
1735383
10824480
1384867
99460
2506869
4448435
2583987
13259992
5343724
1039451
11450023
1288207
2272751
18494431
5257348
588754
4598222
3613666
5956509
6861046
109886
2257539
359232
8146520
2232245
902393
10700282
8454890
49918
3550960
490997
11231003
6688858
2840366
8630497
3511082
11518053
12005128
1189483
10216207
1573220
2622416
742847
8848531
7320471
783025
467236
9887792
2755509
518473
1201425
10152503
4530825
4115958
4766033
6617948
4583042
762082
8469784
1473567
3991887
6104825
15030476
923074
4472180
3120032
1294314
3626006
1348263
3769505
53304
3945573
1643967
7898348
3272886
325994
1644498
6738002
11461188
18248613
1259437
