11018142
2157656
164644
2337234
7293729
5958277
455405
11394044
2666576
541867
11298224
1045416
2358277
3555648
205909
1737896
3984891
6916165
3380930
5028180
12324784
358786
1008725
8266908
18328
5567458
137250
1463952
6183175
10469388
2070817
10003160
1076671
17619978
2559885
8407271
3852935
894316
1504199
2230630
3009648
1661694
308680
4278448
12172390
527405
1623142
1220679
4683049
9804808
4165099
2901016
1624270
922251
5018733
11565069
8071621
6605047
575777
11918687
9456
2089251
1884448
6814512
1
1
86746
5644804
3621451
7710652
3895913
3288199
1061696
3539495
6319170
13685676
2629406
973579
5136393
7148750
1
13328393
3340277
2145582
17555426
8226251
147278
5844323
11638914
1
12902984
181136
6545270
1467544
2566019
4601104
9306730
2698555
22845
5798855
5534386
13066525
1538974
12000850
1596241
660901
9211596
5231896
13824481
408228
3737921
7768597
1372540
13919208
1329040
756081
3993035
677392
52066
17117174
14850030
7039663
5716296
1659530
10190098
452397
11116531
12899074
6006703
17185873
413204
6979741
5770567
1775071
2333366
6371620
1862687
4132275
974373
3755004
16256
5364374
5617614
94766
9626641
1531798
3957031
12588038
3625706
7436899
5016695
352226
3265177
1
3148240
7885744
1186378
682908
8406924
3436009
304945
12608368
943975
14471316
2053473
264320
2972931
5718625
9909342
9226527
3127719
3352840
3868445
11899062
364164
7101987
13262996
1937467
1633876
9892594
1180473
3752901
13587229
174195
2887407
6098185
3699144
1219877
268818
12746691
4990788
754096
1172936
6378698
604912
119547
5729234
546492
827905
8825353
12735735
6153688
2200649
11733234
10150747
6506948
2179247
89353
12502596
11945541
2814174
6791319
698764
1192672
1398064
507094
10713336
10614416
237400
5224656
549899
3273117
743842
5962478
7055936
10574708
2655751
167273
15136005
1024029
406053
5806683
4528554
526618
895948
1927281
2020356
8299327
11376379
4373475
320443
3357045
1107150
122206
4128385
16013382
7375331
723069
3242886
7525345
1416628
3723864
4269406
5843281
278116
2709376
12337859
3725081
923322
12668532
8807647
214796
5013285
2073423
4248567
8972609
1719094
1011350
284802
225647
8130394
8174933
14171897
2400
287491
87302
1876546
10242478
1611401
2287283
1366437
6530127
611500
6745495
4224157
6239742
144645
4388404
6571583
2080715
470160
1152005
279472
13396267
340042
3916602
778713
6371150
8362499
3440458
4196999
1407673
2611979
13504791
11062696
508100
2904911
4227271
35180
4005660
836569
944581
18801147
16847485
2570953
1615441
11505061
3582730
18906
156786
6389767
4801779
346334
1822294
1087724
10009950
8855312
12302372
905951
9585837
6846930
4947113
1582684
2512406
8632048
4776484
10410856
6142495
2375632
1402427
7202949
4224739
6743274
1446579
5679132
8452220
1400608
10110593
17215867
57651
5771986
543577
3649796
3835798
4557872
1460811
3700777
3513321
13942351
2917784
6019968
5116306
4492542
18105390
1502908
6767375
644336
7611820
3499939
481116
4086772
15928924
82485
3878474
1341085
295381
2540322
8044188
703492
2915297
1939226
2765222
1319004
9532903
304125
2941457
2427174
5738067
3710845
14615176
2854766
4524205
8236428
2216407
6822703
358702
1279967
1816612
9571121
2010931
1164613
1007931
11852335
8049897
14317384
1517438
9304869
24122
17730491
6196308
4582096
1224892
207566
1344136
6820003
6691263
2252188
2451820
11722168
2798298
422501
2552237
4229725
312323
925106
4117121
8570579
17302848
4399211
3242450
3722599
1085961
98596
9653751
3839838
7838042
953956
10690412
5105395
2942785
1925760
10101
2678748
9791563
5731128
1359398
2867956
1087514
1695096
3426083
3967091
1511576
7397415
8608953
2285572
1020171
1224496
11433555
322525
6472729
6316645
1230608
4955405
3015993
1650164
170475
512244
11251654
9050360
4737228
3239002
1260684
4773653
2477112
2541060
4940289
3980736
2065484
1693287
8755684
6217251
350613
15985785
13482245
516692
