806084096
117884357
581509507
903754571
381316325
789203673
312340523
659242359
741787988
89040104
499077266
989744607
390074340
509137985
211
470114589
384979225
368703630
783461086
70723129
379840250
1935936
503624378
32543810
376588809
611024469
242
1927348
856151774
194290166
98
704509281
338
156674
7068
710856901
138313455
346819904
139
92038603
2718506
600361180
916347392
406859340
369345671
307831330
117980174
452614029
269851618
871411312
568636876
114604016
516534351
384247156
67538687
110284886
739177376
179471654
229582878
827946
241776724
961130917
234038411
586540826
939941859
385326772
216078538
388208521
298778152
627039721
866478373
991645164
471039471
1053975
434024367
96451766
916823704
519829503
13892322
779150040
784091196
924357426
890580611
594263239
810276638
178
7274977
357116272
725023343
113
799370305
100
778359767
378056415
867506003
931427051
159581324
902824778
990803704
116585630
158
1878739
921122169
638719435
678039155
336276327
700657763
170
2155497
879297488
81083816
7872426
273863340
865760
2515245
9001654
334
227652719
213193127
822930668
220978877
643239304
273460858
260956324
488669543
876557893
137
747622394
408852416
111005544
112169928
60762376
27925930
2083448
732258545
943369240
2269210
991592140
794179239
1335316
140661039
936529310
890351865
197528016
1184156
781461474
1498408
561180784
499497082
742538
180429543
195426333
756559993
831851581
265442164
941764385
766978240
216719251
870960
778785231
392593462
415162374
4028784
698279367
2935460
488029069
514327295
131715623
314809351
673764345
972288372
322
367347198
159078292
177
352661295
475174579
723257378
629094857
658135495
153006550
185717843
6756766
767934929
150660483
848951319
146423486
6986305
20
484634131
823363745
339423135
903392700
798086551
5703133
256462804
897495369
350
189300575
145424160
51100915
545697428
421979612
73
3987926
568856686
648914151
1310823
615867718
3019361
397180096
371614902
17019103
108674810
103379111
705581208
436254439
81864424
52
325599892
74801469
77284759
328235146
384709841
700028447
472570
808849895
912073549
892810157
965475400
5727638
109970551
8142713
13493505
969253033
623111972
383075506
588079292
173432872
885675402
821009067
21870827
803688311
520884188
759789128
519464788
172481545
158109046
187
858620373
43
185549241
383451688
19
131110951
138719136
998161233
436153716
841684378
113529906
997472301
