867105097
717265913
288311190
320452351
133
498037408
473281413
216488030
182572597
611630662
471106552
403256094
868044907
344
104
534074415
276410620
402578355
982944857
566230788
602645865
54
23094390
193988435
308262602
214553110
878118814
628791880
312910803
3275960
334157215
934005617
774513290
95841284
814841097
302234179
71724576
734148130
189348115
750220873
266196845
609497398
377519478
824411886
79668
183389572
221301992
79
416297615
502722582
317440396
94389974
116593944
840083741
685731487
550936950
975207987
932222428
944216205
369236901
815982359
563673748
125
609258112
1407977
903516776
85
17924948
315294777
204490516
431015882
257
700652081
19
324
1390424
241
905206845
49
703999748
228
337567793
708902955
536245931
328238526
3948300
573499329
505828538
122
396089661
378913123
360440412
4663534
589602294
461648172
3
330751419
947117814
307405032
562489019
7338474
10879209
902157541
217820786
113003239
19784416
38
205875781
252268530
813349451
975360329
250800856
578018742
455441955
771736896
589919059
281285390
287544839
215268213
3897347
419522193
415988922
307
29
235
59960881
722986685
956097771
77
405814365
837050836
644487789
160903683
921172365
381473340
435682996
554011282
301467542
368152
505882755
21247042
677477708
601777018
60048
581130392
606088473
465264481
665895941
987525248
343833273
2986869
801591614
527618229
673859315
659216593
426715230
362640662
400998482
398079324
770297213
37868700
949876920
803617136
494475654
832449565
959270246
838443227
160129903
17568707
688409554
627539097
47
353261906
933796725
146
89
13185895
897990172
898350433
